<?xml version="1.0" encoding="UTF-8"?>
<testsuite name="hello.domain.member.MemberRepositoryTest" tests="2" skipped="0" failures="0" errors="0" timestamp="2023-01-01T04:49:23" hostname="DESKTOP-PF9N4H3" time="0.158">
  <properties/>
  <testcase name="findAll()" classname="hello.domain.member.MemberRepositoryTest" time="0.155"/>
  <testcase name="save()" classname="hello.domain.member.MemberRepositoryTest" time="0.001"/>
  <system-out><![CDATA[]]></system-out>
  <system-err><![CDATA[]]></system-err>
</testsuite>
